
> whichcharacter-frontend@0.0.0 build
> tsc && vite build

[36mvite v4.5.14 [32mbuilding for production...[36m[39m
transforming...
[32m✓[39m 29 modules transformed.
[32m✓ built in 1.40s[39m
[31m[vite:css] [postcss] C:/Users/Amritanshu/OneDrive/Desktop/Movie Match/frontend/src/index.css:1:1: The `border-border` class does not exist. If `border-border` is a custom class, make sure it is defined within a `@layer` directive.[39m
file: [36mC:/Users/Amritanshu/OneDrive/Desktop/Movie Match/frontend/src/index.css:1:1[39m
[31merror during build:
CssSyntaxError: [postcss] C:/Users/Amritanshu/OneDrive/Desktop/Movie Match/frontend/src/index.css:1:1: The `border-border` class does not exist. If `border-border` is a custom class, make sure it is defined within a `@layer` directive.
    at Input.error (C:\Users\Amritanshu\OneDrive\Desktop\Movie Match\frontend\node_modules\postcss\lib\input.js:135:16)
    at AtRule.error (C:\Users\Amritanshu\OneDrive\Desktop\Movie Match\frontend\node_modules\postcss\lib\node.js:146:32)
    at processApply (C:\Users\Amritanshu\OneDrive\Desktop\Movie Match\frontend\node_modules\tailwindcss\lib\lib\expandApplyAtRules.js:380:29)
    at C:\Users\Amritanshu\OneDrive\Desktop\Movie Match\frontend\node_modules\tailwindcss\lib\lib\expandApplyAtRules.js:551:9
    at C:\Users\Amritanshu\OneDrive\Desktop\Movie Match\frontend\node_modules\tailwindcss\lib\processTailwindFeatures.js:55:50
    at async plugins (C:\Users\Amritanshu\OneDrive\Desktop\Movie Match\frontend\node_modules\tailwindcss\lib\plugin.js:38:17)
    at async LazyResult.runAsync (C:\Users\Amritanshu\OneDrive\Desktop\Movie Match\frontend\node_modules\postcss\lib\lazy-result.js:293:11)
    at async compileCSS (file:///C:/Users/Amritanshu/OneDrive/Desktop/Movie%20Match/frontend/node_modules/vite/dist/node/chunks/dep-827b23df.js:38904:25)
    at async Object.transform (file:///C:/Users/Amritanshu/OneDrive/Desktop/Movie%20Match/frontend/node_modules/vite/dist/node/chunks/dep-827b23df.js:38301:56)
    at async transform (file:///C:/Users/Amritanshu/OneDrive/Desktop/Movie%20Match/frontend/node_modules/rollup/dist/es/shared/node-entry.js:24449:16)[39m
